CallKit/build/outputs/logs/manifest-merger-release-report.txt
-- Merging decision tree log ---
manifest
ADDED from src\main\AndroidManifest.xml:2:1-65:12
INJECTED from src\main\AndroidManifest.xml:2:1-65:12
INJECTED from src\main\AndroidManifest.xml:2:1-65:12
INJECTED from src\main\AndroidManifest.xml:2:1-65:12
INJECTED from src\main\AndroidManifest.xml:2:1-65:12
INJECTED from src\main\AndroidManifest.xml:2:1-65:12
INJECTED from src\main\AndroidManifest.xml:2:1-65:12
	package
		ADDED from src\main\AndroidManifest.xml:3:5-30
		INJECTED from src\main\AndroidManifest.xml
		INJECTED from src\main\AndroidManifest.xml
	android:versionName
		INJECTED from src\main\AndroidManifest.xml
		ADDED from src\main\AndroidManifest.xml:2:1-65:12
		INJECTED from src\main\AndroidManifest.xml
	android:versionCode
		INJECTED from src\main\AndroidManifest.xml
		ADDED from src\main\AndroidManifest.xml:2:1-65:12
		INJECTED from src\main\AndroidManifest.xml
	xmlns:android
		ADDED from src\main\AndroidManifest.xml:2:11-69
uses-permission#android.permission.MODIFY_AUDIO_SETTINGS
ADDED from src\main\AndroidManifest.xml:6:5-80
	android:name
		ADDED from src\main\AndroidManifest.xml:6:22-77
uses-permission#android.permission.BLUETOOTH_ADMIN
ADDED from src\main\AndroidManifest.xml:7:5-74
	android:name
		ADDED from src\main\AndroidManifest.xml:7:22-71
uses-permission#android.permission.BLUETOOTH
ADDED from src\main\AndroidManifest.xml:8:5-68
	android:name
		ADDED from src\main\AndroidManifest.xml:8:22-65
uses-permission#android.permission.INTERACT_ACROSS_USERS_FULL
ADDED from src\main\AndroidManifest.xml:9:5-85
	android:name
		ADDED from src\main\AndroidManifest.xml:9:22-82
uses-permission#android.permission.SYSTEM_ALERT_WINDOW
ADDED from src\main\AndroidManifest.xml:10:5-78
	android:name
		ADDED from src\main\AndroidManifest.xml:10:22-75
uses-permission#android.permission.WRITE_EXTERNAL_STORAGE
ADDED from src\main\AndroidManifest.xml:11:5-81
	android:name
		ADDED from src\main\AndroidManifest.xml:11:22-78
uses-permission#android.permission.READ_EXTERNAL_STORAGE
ADDED from src\main\AndroidManifest.xml:12:5-80
	android:name
		ADDED from src\main\AndroidManifest.xml:12:22-77
application
ADDED from src\main\AndroidManifest.xml:15:5-63:19
activity#io.rong.callkit.MultiVideoCallActivity
ADDED from src\main\AndroidManifest.xml:18:9-29:20
	android:screenOrientation
		ADDED from src\main\AndroidManifest.xml:22:13-49
	android:launchMode
		ADDED from src\main\AndroidManifest.xml:21:13-43
	android:windowSoftInputMode
		ADDED from src\main\AndroidManifest.xml:23:13-67
	android:exported
		ADDED from src\main\AndroidManifest.xml:20:13-36
	android:name
		ADDED from src\main\AndroidManifest.xml:19:13-51
intent-filter#action:name:io.rong.intent.action.voip.MULTIVIDEO+category:name:android.intent.category.DEFAULT
ADDED from src\main\AndroidManifest.xml:24:13-28:29
action#io.rong.intent.action.voip.MULTIVIDEO
ADDED from src\main\AndroidManifest.xml:25:17-80
	android:name
		ADDED from src\main\AndroidManifest.xml:25:25-77
category#android.intent.category.DEFAULT
ADDED from src\main\AndroidManifest.xml:27:17-76
	android:name
		ADDED from src\main\AndroidManifest.xml:27:27-73
activity#io.rong.callkit.SingleCallActivity
ADDED from src\main\AndroidManifest.xml:30:9-46:20
	android:screenOrientation
		ADDED from src\main\AndroidManifest.xml:34:13-49
	android:launchMode
		ADDED from src\main\AndroidManifest.xml:33:13-43
	android:windowSoftInputMode
		ADDED from src\main\AndroidManifest.xml:35:13-67
	android:exported
		ADDED from src\main\AndroidManifest.xml:32:13-36
	android:name
		ADDED from src\main\AndroidManifest.xml:31:13-47
intent-filter#action:name:io.rong.intent.action.voip.SINGLEVIDEO+category:name:android.intent.category.DEFAULT
ADDED from src\main\AndroidManifest.xml:36:13-40:29
action#io.rong.intent.action.voip.SINGLEVIDEO
ADDED from src\main\AndroidManifest.xml:37:17-81
	android:name
		ADDED from src\main\AndroidManifest.xml:37:25-78
intent-filter#action:name:io.rong.intent.action.voip.SINGLEAUDIO+category:name:android.intent.category.DEFAULT
ADDED from src\main\AndroidManifest.xml:41:13-45:29
action#io.rong.intent.action.voip.SINGLEAUDIO
ADDED from src\main\AndroidManifest.xml:42:17-81
	android:name
		ADDED from src\main\AndroidManifest.xml:42:25-78
activity#io.rong.callkit.MultiAudioCallActivity
ADDED from src\main\AndroidManifest.xml:47:9-58:20
	android:screenOrientation
		ADDED from src\main\AndroidManifest.xml:51:13-49
	android:launchMode
		ADDED from src\main\AndroidManifest.xml:50:13-43
	android:windowSoftInputMode
		ADDED from src\main\AndroidManifest.xml:52:13-67
	android:exported
		ADDED from src\main\AndroidManifest.xml:49:13-36
	android:name
		ADDED from src\main\AndroidManifest.xml:48:13-51
intent-filter#action:name:io.rong.intent.action.voip.MULTIAUDIO+category:name:android.intent.category.DEFAULT
ADDED from src\main\AndroidManifest.xml:53:13-57:29
action#io.rong.intent.action.voip.MULTIAUDIO
ADDED from src\main\AndroidManifest.xml:54:17-80
	android:name
		ADDED from src\main\AndroidManifest.xml:54:25-77
activity#io.rong.callkit.CallSelectMemberActivity
ADDED from src\main\AndroidManifest.xml:62:9-71
	android:name
		ADDED from src\main\AndroidManifest.xml:62:19-59
uses-sdk
INJECTED from src\main\AndroidManifest.xml reason: use-sdk injection requested
INJECTED from src\main\AndroidManifest.xml
INJECTED from src\main\AndroidManifest.xml
INJECTED from src\main\AndroidManifest.xml
INJECTED from src\main\AndroidManifest.xml
	android:targetSdkVersion
		INJECTED from src\main\AndroidManifest.xml
		ADDED from src\main\AndroidManifest.xml
		INJECTED from src\main\AndroidManifest.xml
	android:minSdkVersion
		INJECTED from src\main\AndroidManifest.xml
		ADDED from src\main\AndroidManifest.xml
		INJECTED from src\main\AndroidManifest.xml